
Remote APPL3@kimsufi is ONLINE. PID : 25921

Lock file : /home/cubic/Dropbox/scripts/bash/remote/.appl3mng.lock created
APPL3 log file : /home/cubic/Dropbox/scripts/bash/remote/appl3mng.log already exists and will be appended with new entries.Sat Nov 18 11:22:20 CET 2017
Sat Nov 18 11:22:20 CET 2017
~~~ DEBUG ~~~ : Exit code of operation ID 1 = 0

Remote APPL3@kimsufi is ONLINE. PID : 

Lock file : /home/cubic/Dropbox/scripts/bash/remote/.appl3mng.lock created
APPL3 log file : /home/cubic/Dropbox/scripts/bash/remote/appl3mng.log already exists and will be appended with new entries.Sat Nov 18 11:24:42 CET 2017
Sat Nov 18 11:24:42 CET 2017
~~~ DEBUG ~~~ : Exit code of operation ID 1 = 0

Remote APPL3@kimsufi is ONLINE. PID : 

Lock file : /home/cubic/Dropbox/scripts/bash/remote/.appl3mng.lock created
APPL3 log file : /home/cubic/Dropbox/scripts/bash/remote/appl3mng.log already exists and will be appended with new entries.Sat Nov 18 11:24:59 CET 2017
Sat Nov 18 11:24:59 CET 2017

Remote APPL3@kimsufi is OFFLINE

Lock file : /home/cubic/Dropbox/scripts/bash/remote/.appl3mng.lock removed
APPL3 log file : /home/cubic/Dropbox/scripts/bash/remote/appl3mng.log already exists and will be appended with new entries.Sat Nov 18 11:25:08 CET 2017
Sat Nov 18 11:25:08 CET 2017
~~~ DEBUG ~~~ : Exit code of operation ID 1 = 0
~~~ DEBUG ~~~ : Exit code of operation ID 2 = 0
~~~ DEBUG ~~~ : Exit code of operation ID 3 = 0
~~~ DEBUG ~~~ : Exit code of operation ID 3 = 0
~~~ DEBUG ~~~ : Exit code of operation ID 4 = 0

Remote APPL3@kimsufi is ONLINE. PID : 

Lock file : /home/cubic/Dropbox/scripts/bash/remote/.appl3mng.lock created
APPL3 log file : /home/cubic/Dropbox/scripts/bash/remote/appl3mng.log already exists and will be appended with new entries.Sat Nov 18 11:25:24 CET 2017
Sat Nov 18 11:25:24 CET 2017

Remote APPL3@kimsufi is OFFLINE

Lock file : /home/cubic/Dropbox/scripts/bash/remote/.appl3mng.lock removed
APPL3 log file : /home/cubic/Dropbox/scripts/bash/remote/appl3mng.log already exists and will be appended with new entries.Sat Nov 18 11:25:40 CET 2017
Sat Nov 18 11:25:40 CET 2017
~~~ DEBUG ~~~ : Exit code of operation ID 1 = 0
~~~ DEBUG ~~~ : Exit code of operation ID 2 = 0
~~~ DEBUG ~~~ : Exit code of operation ID 3 = 0
~~~ DEBUG ~~~ : Exit code of operation ID 3 = 0
~~~ DEBUG ~~~ : Exit code of operation ID 4 = 0

Remote APPL3@kimsufi is ONLINE. PID : 

Lock file : /home/cubic/Dropbox/scripts/bash/remote/.appl3mng.lock created
APPL3 log file : /home/cubic/Dropbox/scripts/bash/remote/appl3mng.log already exists and will be appended with new entries.Sat Nov 18 11:25:52 CET 2017
Sat Nov 18 11:25:52 CET 2017

Remote APPL3@kimsufi is OFFLINE

Lock file : /home/cubic/Dropbox/scripts/bash/remote/.appl3mng.lock removed
APPL3 log file : /home/cubic/Dropbox/scripts/bash/remote/appl3mng.log already exists and will be appended with new entries.Sat Nov 18 11:27:45 CET 2017
Sat Nov 18 11:27:45 CET 2017
~~~ DEBUG ~~~ : Exit code of operation ID 1 = 0
~~~ DEBUG ~~~ : Exit code of operation ID 2 = 0
~~~ DEBUG ~~~ : Exit code of operation ID 3 = 0
~~~ DEBUG ~~~ : Exit code of operation ID 3 = 0
~~~ DEBUG ~~~ : Exit code of operation ID 4 = 0

Remote APPL3@kimsufi is ONLINE. PID : 

Lock file : /home/cubic/Dropbox/scripts/bash/remote/.appl3mng.lock created
APPL3 log file : /home/cubic/Dropbox/scripts/bash/remote/appl3mng.log already exists and will be appended with new entries.Sat Nov 18 11:28:10 CET 2017
Sat Nov 18 11:28:10 CET 2017
~~~ DEBUG ~~~ : Exit code of operation ID 1 = 0
~~~ DEBUG ~~~ : Exit code of operation ID 2 = 0

Remote APPL3@kimsufi is OFFLINE

Lock file : /home/cubic/Dropbox/scripts/bash/remote/.appl3mng.lock removed
APPL3 log file : /home/cubic/Dropbox/scripts/bash/remote/appl3mng.log already exists and will be appended with new entries.Sat Nov 18 11:28:35 CET 2017
Sat Nov 18 11:28:35 CET 2017
~~~ DEBUG ~~~ : Exit code of operation ID 1 = 0
~~~ DEBUG ~~~ : Exit code of operation ID 2 = 0
~~~ DEBUG ~~~ : Exit code of operation ID 3 = 0
~~~ DEBUG ~~~ : Exit code of operation ID 3 = 0
~~~ DEBUG ~~~ : Exit code of operation ID 4 = 0

Remote APPL3@kimsufi is ONLINE. PID : 

Lock file : /home/cubic/Dropbox/scripts/bash/remote/.appl3mng.lock created
APPL3 log file : /home/cubic/Dropbox/scripts/bash/remote/appl3mng.log already exists and will be appended with new entries.Sat Nov 18 11:28:52 CET 2017
Sat Nov 18 11:28:52 CET 2017
~~~ DEBUG ~~~ : Exit code of operation ID 1 = 0
~~~ DEBUG ~~~ : Exit code of operation ID 2 = 0

Remote APPL3@kimsufi is OFFLINE

Lock file : /home/cubic/Dropbox/scripts/bash/remote/.appl3mng.lock removed
APPL3 log file : /home/cubic/Dropbox/scripts/bash/remote/appl3mng.log already exists and will be appended with new entries.Sat Nov 18 11:33:14 CET 2017
Sat Nov 18 11:33:14 CET 2017
~~~ DEBUG ~~~ : Exit code of operation ID 1 = 0
~~~ DEBUG ~~~ : Exit code of operation ID 2 = 0
~~~ DEBUG ~~~ : Exit code of operation ID 3 = 0
~~~ DEBUG ~~~ : Exit code of operation ID 3 = 0
~~~ DEBUG ~~~ : Exit code of operation ID 4 = 0

Remote APPL3@kimsufi is ONLINE.

Lock file : /home/cubic/Dropbox/scripts/bash/remote/.appl3mng.lock created
APPL3 log file : /home/cubic/Dropbox/scripts/bash/remote/appl3mng.log already exists and will be appended with new entries.Sat Nov 18 11:35:08 CET 2017
Sat Nov 18 11:35:08 CET 2017

Remote APPL3@kimsufi is ONLINE.

Lock file : /home/cubic/Dropbox/scripts/bash/remote/.appl3mng.lock created
APPL3 log file : /home/cubic/Dropbox/scripts/bash/remote/appl3mng.log already exists and will be appended with new entries.Sat Nov 18 11:35:55 CET 2017
Sat Nov 18 11:35:55 CET 2017
~~~ DEBUG ~~~ : Exit code of operation ID 1 = 0
~~~ DEBUG ~~~ : Exit code of operation ID 2 = 0

Remote APPL3@kimsufi is OFFLINE

Lock file : /home/cubic/Dropbox/scripts/bash/remote/.appl3mng.lock removed
APPL3 log file : /home/cubic/Dropbox/scripts/bash/remote/appl3mng.log already exists and will be appended with new entries.Sat Nov 18 11:36:13 CET 2017
Sat Nov 18 11:36:13 CET 2017

Remote APPL3@kimsufi is ONLINE.

Lock file : /home/cubic/Dropbox/scripts/bash/remote/.appl3mng.lock created
APPL3 log file : /home/cubic/Dropbox/scripts/bash/remote/appl3mng.log already exists and will be appended with new entries.Sat Nov 18 11:36:31 CET 2017
Sat Nov 18 11:36:31 CET 2017
~~~ DEBUG ~~~ : Exit code of operation ID 1 = 0
~~~ DEBUG ~~~ : Exit code of operation ID 2 = 0

Remote APPL3@kimsufi is OFFLINE

Lock file : /home/cubic/Dropbox/scripts/bash/remote/.appl3mng.lock removed
APPL3 log file : /home/cubic/Dropbox/scripts/bash/remote/appl3mng.log already exists and will be appended with new entries.Sat Nov 18 11:36:45 CET 2017
Sat Nov 18 11:36:45 CET 2017

Remote APPL3@kimsufi is ONLINE.

Lock file : /home/cubic/Dropbox/scripts/bash/remote/.appl3mng.lock created
APPL3 log file : /home/cubic/Dropbox/scripts/bash/remote/appl3mng.log already exists and will be appended with new entries.Sat Nov 18 11:36:50 CET 2017
Sat Nov 18 11:36:50 CET 2017
~~~ DEBUG ~~~ : Exit code of operation ID 1 = 0
~~~ DEBUG ~~~ : Exit code of operation ID 2 = 0

Remote APPL3@kimsufi is OFFLINE

Lock file : /home/cubic/Dropbox/scripts/bash/remote/.appl3mng.lock removed
APPL3 log file : /home/cubic/Dropbox/scripts/bash/remote/appl3mng.log already exists and will be appended with new entries.Sat Nov 18 11:41:00 CET 2017
Sat Nov 18 11:41:00 CET 2017

Remote APPL3@kimsufi is ONLINE.

Lock file : /home/cubic/Dropbox/scripts/bash/remote/.appl3mng.lock created
APPL3 log file : /home/cubic/Dropbox/scripts/bash/remote/appl3mng.log already exists and will be appended with new entries.Sat Nov 18 11:41:30 CET 2017
Sat Nov 18 11:41:30 CET 2017
~~~ DEBUG ~~~ : Exit code of operation ID 1 = 0
~~~ DEBUG ~~~ : Exit code of operation ID 2 = 0

Remote APPL3@kimsufi is OFFLINE

Lock file : /home/cubic/Dropbox/scripts/bash/remote/.appl3mng.lock removed
APPL3 log file : /home/cubic/Dropbox/scripts/bash/remote/appl3mng.log already exists and will be appended with new entries.Sat Nov 18 11:41:42 CET 2017
Sat Nov 18 11:41:42 CET 2017

Remote APPL3@kimsufi is ONLINE.

Lock file : /home/cubic/Dropbox/scripts/bash/remote/.appl3mng.lock created
APPL3 log file : /home/cubic/Dropbox/scripts/bash/remote/appl3mng.log already exists and will be appended with new entries.Sat Nov 18 11:46:39 CET 2017
Sat Nov 18 11:46:39 CET 2017

Remote APPL3@kimsufi is ONLINE.

Lock file : /home/cubic/Dropbox/scripts/bash/remote/.appl3mng.lock created
APPL3 log file : /home/cubic/Dropbox/scripts/bash/remote/appl3mng.log already exists and will be appended with new entries.Sat Nov 18 11:47:01 CET 2017
Sat Nov 18 11:47:01 CET 2017
~~~ DEBUG ~~~ : Exit code of operation ID 1 = 0
~~~ DEBUG ~~~ : Exit code of operation ID 2 = 0

Remote APPL3@kimsufi is OFFLINE

Lock file : /home/cubic/Dropbox/scripts/bash/remote/.appl3mng.lock removed
APPL3 log file : /home/cubic/Dropbox/scripts/bash/remote/appl3mng.log already exists and will be appended with new entries.Sat Nov 18 11:47:12 CET 2017
Sat Nov 18 11:47:12 CET 2017

Remote APPL3@kimsufi is ONLINE.

Lock file : /home/cubic/Dropbox/scripts/bash/remote/.appl3mng.lock created
APPL3 log file : /home/cubic/Dropbox/scripts/bash/remote/appl3mng.log already exists and will be appended with new entries.Sat Nov 18 11:47:30 CET 2017
Sat Nov 18 11:47:30 CET 2017
~~~ DEBUG ~~~ : Exit code of operation ID 1 = 0
~~~ DEBUG ~~~ : Exit code of operation ID 2 = 0

Remote APPL3@kimsufi is OFFLINE

Lock file : /home/cubic/Dropbox/scripts/bash/remote/.appl3mng.lock removed
APPL3 log file : /home/cubic/Dropbox/scripts/bash/remote/appl3mng.log already exists and will be appended with new entries.Sat Nov 18 11:48:02 CET 2017
Sat Nov 18 11:48:02 CET 2017

Remote APPL3@kimsufi is ONLINE.

Lock file : /home/cubic/Dropbox/scripts/bash/remote/.appl3mng.lock created
APPL3 log file : /home/cubic/Dropbox/scripts/bash/remote/appl3mng.log already exists and will be appended with new entries.Sat Nov 18 11:49:41 CET 2017
Sat Nov 18 11:49:41 CET 2017

Remote APPL3@kimsufi is ONLINE.

Lock file : /home/cubic/Dropbox/scripts/bash/remote/.appl3mng.lock created
APPL3 log file : /home/cubic/Dropbox/scripts/bash/remote/appl3mng.log already exists and will be appended with new entries.Sat Nov 18 11:49:50 CET 2017
Sat Nov 18 11:49:50 CET 2017
~~~ DEBUG ~~~ : Exit code of operation ID 1 = 0
~~~ DEBUG ~~~ : Exit code of operation ID 2 = 0

Remote APPL3@kimsufi is OFFLINE

Lock file : /home/cubic/Dropbox/scripts/bash/remote/.appl3mng.lock removed
APPL3 log file : /home/cubic/Dropbox/scripts/bash/remote/appl3mng.log already exists and will be appended with new entries.Sat Nov 18 11:49:58 CET 2017
Sat Nov 18 11:49:58 CET 2017

Remote APPL3@kimsufi is ONLINE.

Lock file : /home/cubic/Dropbox/scripts/bash/remote/.appl3mng.lock created
APPL3 log file : /home/cubic/Dropbox/scripts/bash/remote/appl3mng.log already exists and will be appended with new entries.Sat Nov 18 11:52:56 CET 2017
Sat Nov 18 11:52:56 CET 2017
~~~ DEBUG ~~~ : Exit code of operation ID 1 = 0
~~~ DEBUG ~~~ : Exit code of operation ID 2 = 0

Remote APPL3@kimsufi is OFFLINE

Lock file : /home/cubic/Dropbox/scripts/bash/remote/.appl3mng.lock removed
APPL3 log file : /home/cubic/Dropbox/scripts/bash/remote/appl3mng.log already exists and will be appended with new entries.Sat Nov 18 11:53:09 CET 2017
Sat Nov 18 11:53:09 CET 2017

Remote APPL3@kimsufi is ONLINE.

Lock file : /home/cubic/Dropbox/scripts/bash/remote/.appl3mng.lock created
APPL3 log file : /home/cubic/Dropbox/scripts/bash/remote/appl3mng.log already exists and will be appended with new entries.Sat Nov 18 11:53:19 CET 2017
Sat Nov 18 11:53:19 CET 2017
~~~ DEBUG ~~~ : Exit code of operation ID 1 = 0
~~~ DEBUG ~~~ : Exit code of operation ID 2 = 0

Remote APPL3@kimsufi is OFFLINE

Lock file : /home/cubic/Dropbox/scripts/bash/remote/.appl3mng.lock removed
